Oct 04, 2023 3:44:59 PM utils.LoggerUtil ConfigureLogger
SEVERE: Error initializing the log file: 
Oct 04, 2023 3:44:59 PM enums.StudyField isValidAbbreviation
INFO: Abbreviation 'FAF' is valid.
Oct 04, 2023 3:44:59 PM models.Faculty <init>
INFO: Faculty created - Name: qwe, Abbreviation: asd, Field: SOFTWARE_ENGINEERING
Oct 04, 2023 3:44:59 PM services.GeneralService createFaculty
INFO: New faculty created: Faculty{name='qwe', abbreviation='asd', field=SOFTWARE_ENGINEERING}
Oct 04, 2023 3:46:05 PM utils.LoggerUtil ConfigureLogger
SEVERE: Error initializing the log file: 
Oct 04, 2023 3:46:05 PM enums.StudyField isValidAbbreviation
WARNING: Abbreviation 'faf' is not valid.
Oct 04, 2023 3:46:05 PM services.GeneralService createFaculty
WARNING: No such field: faf try one more time
Oct 04, 2023 3:46:36 PM enums.StudyField isValidAbbreviation
INFO: Abbreviation 'FAF' is valid.
Oct 04, 2023 3:46:36 PM models.Faculty <init>
INFO: Faculty created - Name: aqwe, Abbreviation: rgeer, Field: SOFTWARE_ENGINEERING
Oct 04, 2023 3:46:36 PM services.GeneralService createFaculty
INFO: New faculty created: Faculty{name='aqwe', abbreviation='rgeer', field=SOFTWARE_ENGINEERING}
